2022-12-09 10:17:23,442 | kiwoom.py | 19 | DEBUG -> Kiwoom() class start.
2022-12-09 10:18:08,863 | kiwoom.py | 739 | DEBUG -> 스크린: 2000, 요청이름: 예수금상세현황요청, tr코드: opw00001 --- [100000] 모의투자 조회완료
2022-12-09 10:18:08,926 | kiwoom.py | 739 | DEBUG -> 스크린: 2000, 요청이름: 계좌평가잔고내역요청, tr코드: opw00018 --- [100000] 모의투자 조회완료
2022-12-09 10:18:08,972 | kiwoom.py | 739 | DEBUG -> 스크린: , 요청이름: , tr코드:  ---  조회가 완료되었습니다.
2022-12-09 10:18:08,980 | kiwoom.py | 474 | DEBUG -> {'334700': {'종목명': 'KBSTAR 팔라듐선물인버스(H)', '현재가': 4195, '스크린번호': '5001', '주문용스크린번호': '6001'}, '114800': {'스크린번호': '5001', '주문용스크린번호': '6001'}, '122630': {'스크린번호': '5001', '주문용스크린번호': '6001'}}
2022-12-09 15:20:00,164 | kiwoom.py | 491 | DEBUG -> 장 종료, 동시호가로 넘어감
2022-12-09 15:21:00,167 | kiwoom.py | 491 | DEBUG -> 장 종료, 동시호가로 넘어감
2022-12-09 15:22:00,170 | kiwoom.py | 491 | DEBUG -> 장 종료, 동시호가로 넘어감
2022-12-09 15:23:00,174 | kiwoom.py | 491 | DEBUG -> 장 종료, 동시호가로 넘어감
2022-12-09 15:24:00,072 | kiwoom.py | 491 | DEBUG -> 장 종료, 동시호가로 넘어감
2022-12-09 15:25:00,165 | kiwoom.py | 491 | DEBUG -> 장 종료, 동시호가로 넘어감
2022-12-09 15:26:00,167 | kiwoom.py | 491 | DEBUG -> 장 종료, 동시호가로 넘어감
2022-12-09 15:27:00,166 | kiwoom.py | 491 | DEBUG -> 장 종료, 동시호가로 넘어감
2022-12-09 15:28:00,166 | kiwoom.py | 491 | DEBUG -> 장 종료, 동시호가로 넘어감
2022-12-09 15:29:00,177 | kiwoom.py | 491 | DEBUG -> 장 종료, 동시호가로 넘어감
2022-12-09 15:29:10,166 | kiwoom.py | 491 | DEBUG -> 장 종료, 동시호가로 넘어감
2022-12-09 15:29:20,173 | kiwoom.py | 491 | DEBUG -> 장 종료, 동시호가로 넘어감
2022-12-09 15:29:30,181 | kiwoom.py | 491 | DEBUG -> 장 종료, 동시호가로 넘어감
2022-12-09 15:29:40,165 | kiwoom.py | 491 | DEBUG -> 장 종료, 동시호가로 넘어감
2022-12-09 15:29:50,163 | kiwoom.py | 491 | DEBUG -> 장 종료, 동시호가로 넘어감
2022-12-09 15:30:00,178 | kiwoom.py | 495 | DEBUG -> 3시30분 장 종료
2022-12-09 17:20:04,295 | kiwoom.py | 19 | DEBUG -> Kiwoom() class start.
2022-12-09 17:20:28,766 | kiwoom.py | 739 | DEBUG -> 스크린: 2000, 요청이름: 예수금상세현황요청, tr코드: opw00001 --- [100000] 모의투자 조회완료
2022-12-09 17:20:28,829 | kiwoom.py | 739 | DEBUG -> 스크린: 2000, 요청이름: 계좌평가잔고내역요청, tr코드: opw00018 --- [100000] 모의투자 조회완료
2022-12-09 17:20:28,876 | kiwoom.py | 739 | DEBUG -> 스크린: , 요청이름: , tr코드:  ---  조회가 완료되었습니다.
2022-12-09 17:29:20,747 | kiwoom.py | 19 | DEBUG -> Kiwoom() class start.
2022-12-09 17:29:34,492 | kiwoom.py | 739 | DEBUG -> 스크린: 2000, 요청이름: 예수금상세현황요청, tr코드: opw00001 --- [100000] 모의투자 조회완료
2022-12-09 17:29:34,571 | kiwoom.py | 739 | DEBUG -> 스크린: 2000, 요청이름: 계좌평가잔고내역요청, tr코드: opw00018 --- [100000] 모의투자 조회완료
2022-12-09 17:29:34,605 | kiwoom.py | 739 | DEBUG -> 스크린: , 요청이름: , tr코드:  ---  조회가 완료되었습니다.
2022-12-09 17:53:07,152 | kiwoom.py | 19 | DEBUG -> Kiwoom() class start.
2022-12-09 17:53:29,448 | kiwoom.py | 739 | DEBUG -> 스크린: 2000, 요청이름: 예수금상세현황요청, tr코드: opw00001 --- [100000] 모의투자 조회완료
2022-12-09 17:53:29,549 | kiwoom.py | 739 | DEBUG -> 스크린: 2000, 요청이름: 계좌평가잔고내역요청, tr코드: opw00018 --- [100000] 모의투자 조회완료
2022-12-09 17:53:29,581 | kiwoom.py | 739 | DEBUG -> 스크린: , 요청이름: , tr코드:  ---  조회가 완료되었습니다.
2022-12-10 03:15:18,927 | kiwoom.py | 474 | DEBUG -> {'001840': {'종목명': '이화공영', '현재가': 4700, '스크린번호': '5001', '주문용스크린번호': '6001'}, '006050': {'종목명': '국영지앤엠', '현재가': 1760, '스크린번호': '5001', '주문용스크린번호': '6001'}, '007680': {'종목명': '대원', '현재가': 7600, '스크린번호': '5001', '주문용스크린번호': '6001'}, '012790': {'종목명': '신일제약', '현재가': 8340, '스크린번호': '5001', '주문용스크린번호': '6001'}, '021650': {'종목명': '한국큐빅', '현재가': 3250, '스크린번호': '5001', '주문용스크린번호': '6001'}, '024800': {'종목명': '유성티엔에스', '현재가': 2465, '스크린번호': '5001', '주문용스크린번호': '6001'}, '032685': {'종목명': '소프트센우', '현재가': 21100, '스크린번호': '5001', '주문용스크린번호': '6001'}, '037460': {'종목명': '삼지전자', '현재가': 8780, '스크린번호': '5001', '주문용스크린번호': '6001'}, '038680': {'종목명': '에스넷', '현재가': 5060, '스크린번호': '5001', '주문용스크린번호': '6001'}, '039030': {'종목명': '이오테크닉스', '현재가': 69400, '스크린번호': '5001', '주문용스크린번호': '6001'}, '041510': {'종목명': '에스엠', '현재가': 79000, '스크린번호': '5001', '주문용스크린번호': '6001'}, '041830': {'종목명': '인바디', '현재가': 18800, '스크린번호': '5001', '주문용스크린번호': '6001'}, '046310': {'종목명': '백금T&A', '현재가': 3235, '스크린번호': '5001', '주문용스크린번호': '6001'}, '048260': {'종목명': '오스템임플란트', '현재가': 121600, '스크린번호': '5001', '주문용스크린번호': '6001'}, '049470': {'종목명': 'SGA', '현재가': 817, '스크린번호': '5001', '주문용스크린번호': '6001'}, '062970': {'종목명': '피피아이', '현재가': 2940, '스크린번호': '5001', '주문용스크린번호': '6001'}, '068790': {'종목명': 'DMS', '현재가': 5350, '스크린번호': '5001', '주문용스크린번호': '6001'}, '068930': {'종목명': '디지털대성', '현재가': 7390, '스크린번호': '5001', '주문용스크린번호': '6001'}, '069410': {'종목명': '엔텔스', '현재가': 5450, '스크린번호': '5001', '주문용스크린번호': '6001'}, '072870': {'종목명': '메가스터디', '현재가': 11600, '스크린번호': '5001', '주문용스크린번호': '6001'}, '078020': {'종목명': '이베스트투자증권', '현재가': 5590, '스크린번호': '5001', '주문용스크린번호': '6001'}, '079650': {'종목명': '서산', '현재가': 1965, '스크린번호': '5001', '주문용스크린번호': '6001'}, '080470': {'종목명': '성창오토텍', '현재가': 7470, '스크린번호': '5001', '주문용스크린번호': '6001'}, '091590': {'종목명': '남화토건', '현재가': 10150, '스크린번호': '5001', '주문용스크린번호': '6001'}, '099190': {'종목명': '아이센스', '현재가': 32850, '스크린번호': '5001', '주문용스크린번호': '6001'}, '101360': {'종목명': '이엔드디', '현재가': 28800, '스크린번호': '5001', '주문용스크린번호': '6001'}, '108860': {'종목명': '셀바스AI', '현재가': 5520, '스크린번호': '5001', '주문용스크린번호': '6001'}, '114450': {'종목명': 'KPX생명과학', '현재가': 4225, '스크린번호': '5001', '주문용스크린번호': '6001'}, '119850': {'종목명': '지엔씨에너지', '현재가': 3880, '스크린번호': '5001', '주문용스크린번호': '6001'}, '122990': {'종목명': '와이솔', '현재가': 7040, '스크린번호': '5001', '주문용스크린번호': '6001'}, '123570': {'종목명': '이엠넷', '현재가': 4445, '스크린번호': '5001', '주문용스크린번호': '6001'}, '131220': {'종목명': '대한과학', '현재가': 7600, '스크린번호': '5001', '주문용스크린번호': '6001'}, '154040': {'종목명': '솔루에타', '현재가': 2730, '스크린번호': '5001', '주문용스크린번호': '6001'}, '177830': {'종목명': '파버나인', '현재가': 3990, '스크린번호': '5001', '주문용스크린번호': '6001'}, '215480': {'종목명': '토박스코리아', '현재가': 4505, '스크린번호': '5001', '주문용스크린번호': '6001'}, '226330': {'종목명': '신테카바이오', '현재가': 9020, '스크린번호': '5001', '주문용스크린번호': '6001'}, '263020': {'종목명': '디케이앤디', '현재가': 3360, '스크린번호': '5001', '주문용스크린번호': '6001'}, '263750': {'종목명': '펄어비스', '현재가': 44650, '스크린번호': '5001', '주문용스크린번호': '6001'}, '264450': {'종목명': '유비쿼스', '현재가': 15300, '스크린번호': '5001', '주문용스크린번호': '6001'}, '275630': {'종목명': '에스에스알', '현재가': 6290, '스크린번호': '5001', '주문용스크린번호': '6001'}, '276040': {'종목명': '스코넥', '현재가': 14100, '스크린번호': '5001', '주문용스크린번호': '6001'}, '303530': {'종목명': '이노뎁', '현재가': 13600, '스크린번호': '5001', '주문용스크린번호': '6001'}, '304100': {'종목명': '솔트룩스', '현재가': 8450, '스크린번호': '5001', '주문용스크린번호': '6001'}, '315640': {'종목명': '딥노이드', '현재가': 6270, '스크린번호': '5001', '주문용스크린번호': '6001'}, '322780': {'종목명': '코퍼스코리아', '현재가': 2925, '스크린번호': '5001', '주문용스크린번호': '6001'}, '323230': {'종목명': '엠에프엠코리아', '현재가': 883, '스크린번호': '5001', '주문용스크린번호': '6001'}, '340360': {'종목명': '다보링크', '현재가': 923, '스크린번호': '5001', '주문용스크린번호': '6001'}, '114800': {'스크린번호': '5001', '주문용스크린번호': '6001'}, '122630': {'스크린번호': '5001', '주문용스크린번호': '6001'}, '334700': {'스크린번호': '5001', '주문용스크린번호': '6001'}}
